# JRE version: OpenJDK Runtime Environment (8.0_152-b02) (build 1.8.0_152-release-1024-b02)
# Java VM: OpenJDK 64-Bit Server VM (25.152-b02 mixed mode windows-amd64 compressed oops)
Heap:
 PSYoungGen      total 62464K, used 26320K [0x00000000fab00000, 0x0000000100000000, 0x0000000100000000)
  eden space 39424K, 56% used [0x00000000fab00000,0x00000000fc095cf8,0x00000000fd180000)
  from space 23040K, 18% used [0x00000000fd180000,0x00000000fd59e330,0x00000000fe800000)
  to   space 23040K, 0% used [0x00000000fe980000,0x00000000fe980000,0x0000000100000000)
 ParOldGen       total 175104K, used 70022K [0x00000000f0000000, 0x00000000fab00000, 0x00000000fab00000)
  object space 175104K, 39% used [0x00000000f0000000,0x00000000f44618e0,0x00000000fab00000)
 Metaspace       used 83760K, capacity 87190K, committed 87512K, reserved 1124352K
  class space    used 10901K, capacity 11697K, committed 11776K, reserved 1048576K
GC Heap History (10 events):
Event: 115.574 GC heap before
{Heap before GC invocations=46 (full 3):
 PSYoungGen      total 58368K, used 41987K [0x00000000fab00000, 0x00000000ffd80000, 0x0000000100000000)
  eden space 33280K, 100% used [0x00000000fab00000,0x00000000fcb80000,0x00000000fcb80000)
  from space 25088K, 34% used [0x00000000fe500000,0x00000000fed80d08,0x00000000ffd80000)
  to   space 25600K, 0% used [0x00000000fcb80000,0x00000000fcb80000,0x00000000fe480000)
 ParOldGen       total 175104K, used 55551K [0x00000000f0000000, 0x00000000fab00000, 0x00000000fab00000)
  object space 175104K, 31% used [0x00000000f0000000,0x00000000f363fe20,0x00000000fab00000)
 Metaspace       used 75991K, capacity 78738K, committed 78936K, reserved 1118208K
  class space    used 9893K, capacity 10539K, committed 10624K, reserved 1048576K
Event: 115.582 GC heap after
Heap after GC invocations=46 (full 3):
 PSYoungGen      total 58880K, used 8335K [0x00000000fab00000, 0x00000000fff80000, 0x0000000100000000)
  eden space 33280K, 0% used [0x00000000fab00000,0x00000000fab00000,0x00000000fcb80000)
  from space 25600K, 32% used [0x00000000fcb80000,0x00000000fd3a3ee0,0x00000000fe480000)
  to   space 25088K, 0% used [0x00000000fe700000,0x00000000fe700000,0x00000000fff80000)
 ParOldGen       total 175104K, used 55559K [0x00000000f0000000, 0x00000000fab00000, 0x00000000fab00000)
  object space 175104K, 31% used [0x00000000f0000000,0x00000000f3641e20,0x00000000fab00000)
 Metaspace       used 75991K, capacity 78738K, committed 78936K, reserved 1118208K
  class space    used 9893K, capacity 10539K, committed 10624K, reserved 1048576K
}
Event: 116.020 GC heap before
{Heap before GC invocations=47 (full 3):
 PSYoungGen      total 58880K, used 41615K [0x00000000fab00000, 0x00000000fff80000, 0x0000000100000000)
  eden space 33280K, 100% used [0x00000000fab00000,0x00000000fcb80000,0x00000000fcb80000)
  from space 25600K, 32% used [0x00000000fcb80000,0x00000000fd3a3ee0,0x00000000fe480000)
  to   space 25088K, 0% used [0x00000000fe700000,0x00000000fe700000,0x00000000fff80000)
 ParOldGen       total 175104K, used 55559K [0x00000000f0000000, 0x00000000fab00000, 0x00000000fab00000)
  object space 175104K, 31% used [0x00000000f0000000,0x00000000f3641e20,0x00000000fab00000)
 Metaspace       used 79129K, capacity 82376K, committed 82520K, reserved 1120256K
  class space    used 10370K, capacity 11094K, committed 11136K, reserved 1048576K
Event: 116.030 GC heap after
Heap after GC invocations=47 (full 3):
 PSYoungGen      total 59392K, used 10257K [0x00000000fab00000, 0x00000000ffd80000, 0x0000000100000000)
  eden space 36352K, 0% used [0x00000000fab00000,0x00000000fab00000,0x00000000fce80000)
  from space 23040K, 44% used [0x00000000fe700000,0x00000000ff104700,0x00000000ffd80000)
  to   space 24064K, 0% used [0x00000000fce80000,0x00000000fce80000,0x00000000fe600000)
 ParOldGen       total 175104K, used 56403K [0x00000000f0000000, 0x00000000fab00000, 0x00000000fab00000)
  object space 175104K, 32% used [0x00000000f0000000,0x00000000f3714e70,0x00000000fab00000)
 Metaspace       used 79129K, capacity 82376K, committed 82520K, reserved 1120256K
  class space    used 10370K, capacity 11094K, committed 11136K, reserved 1048576K
}
Event: 120.882 GC heap before
{Heap before GC invocations=48 (full 3):
 PSYoungGen      total 59392K, used 46609K [0x00000000fab00000, 0x00000000ffd80000, 0x0000000100000000)
  eden space 36352K, 100% used [0x00000000fab00000,0x00000000fce80000,0x00000000fce80000)
  from space 23040K, 44% used [0x00000000fe700000,0x00000000ff104700,0x00000000ffd80000)
  to   space 24064K, 0% used [0x00000000fce80000,0x00000000fce80000,0x00000000fe600000)
 ParOldGen       total 175104K, used 56403K [0x00000000f0000000, 0x00000000fab00000, 0x00000000fab00000)
  object space 175104K, 32% used [0x00000000f0000000,0x00000000f3714e70,0x00000000fab00000)
 Metaspace       used 79904K, capacity 83156K, committed 83416K, reserved 1122304K
  class space    used 10483K, capacity 11236K, committed 11264K, reserved 1048576K
Event: 120.903 GC heap after
Heap after GC invocations=48 (full 3):
 PSYoungGen      total 60416K, used 5895K [0x00000000fab00000, 0x0000000100000000, 0x0000000100000000)
  eden space 36352K, 0% used [0x00000000fab00000,0x00000000fab00000,0x00000000fce80000)
  from space 24064K, 24% used [0x00000000fce80000,0x00000000fd441e80,0x00000000fe600000)
  to   space 23552K, 0% used [0x00000000fe900000,0x00000000fe900000,0x0000000100000000)
 ParOldGen       total 175104K, used 61467K [0x00000000f0000000, 0x00000000fab00000, 0x00000000fab00000)
  object space 175104K, 35% used [0x00000000f0000000,0x00000000f3c06fa8,0x00000000fab00000)
 Metaspace       used 79904K, capacity 83156K, committed 83416K, reserved 1122304K
  class space    used 10483K, capacity 11236K, committed 11264K, reserved 1048576K
}
Event: 122.010 GC heap before
{Heap before GC invocations=49 (full 3):
 PSYoungGen      total 60416K, used 42247K [0x00000000fab00000, 0x0000000100000000, 0x0000000100000000)
  eden space 36352K, 100% used [0x00000000fab00000,0x00000000fce80000,0x00000000fce80000)
  from space 24064K, 24% used [0x00000000fce80000,0x00000000fd441e80,0x00000000fe600000)
  to   space 23552K, 0% used [0x00000000fe900000,0x00000000fe900000,0x0000000100000000)
 ParOldGen       total 175104K, used 61467K [0x00000000f0000000, 0x00000000fab00000, 0x00000000fab00000)
  object space 175104K, 35% used [0x00000000f0000000,0x00000000f3c06fa8,0x00000000fab00000)
 Metaspace       used 81105K, capacity 84430K, committed 84696K, reserved 1122304K
  class space    used 10628K, capacity 11415K, committed 11520K, reserved 1048576K
Event: 122.021 GC heap after
Heap after GC invocations=49 (full 3):
 PSYoungGen      total 61440K, used 6385K [0x00000000fab00000, 0x00000000ffe80000, 0x0000000100000000)
  eden space 39424K, 0% used [0x00000000fab00000,0x00000000fab00000,0x00000000fd180000)
  from space 22016K, 29% used [0x00000000fe900000,0x00000000fef3c4d0,0x00000000ffe80000)
  to   space 23040K, 0% used [0x00000000fd180000,0x00000000fd180000,0x00000000fe800000)
 ParOldGen       total 175104K, used 64639K [0x00000000f0000000, 0x00000000fab00000, 0x00000000fab00000)
  object space 175104K, 36% used [0x00000000f0000000,0x00000000f3f1fd20,0x00000000fab00000)
 Metaspace       used 81105K, capacity 84430K, committed 84696K, reserved 1122304K
  class space    used 10628K, capacity 11415K, committed 11520K, reserved 1048576K
}
Event: 122.474 GC heap before
{Heap before GC invocations=50 (full 3):
 PSYoungGen      total 61440K, used 45809K [0x00000000fab00000, 0x00000000ffe80000, 0x0000000100000000)
  eden space 39424K, 100% used [0x00000000fab00000,0x00000000fd180000,0x00000000fd180000)
  from space 22016K, 29% used [0x00000000fe900000,0x00000000fef3c4d0,0x00000000ffe80000)
  to   space 23040K, 0% used [0x00000000fd180000,0x00000000fd180000,0x00000000fe800000)
 ParOldGen       total 175104K, used 64639K [0x00000000f0000000, 0x00000000fab00000, 0x00000000fab00000)
  object space 175104K, 36% used [0x00000000f0000000,0x00000000f3f1fd20,0x00000000fab00000)
 Metaspace       used 81760K, capacity 85140K, committed 85208K, reserved 1122304K
  class space    used 10694K, capacity 11464K, committed 11520K, reserved 1048576K
Event: 122.485 GC heap after
Heap after GC invocations=50 (full 3):
 PSYoungGen      total 62464K, used 4216K [0x00000000fab00000, 0x0000000100000000, 0x0000000100000000)
  eden space 39424K, 0% used [0x00000000fab00000,0x00000000fab00000,0x00000000fd180000)
  from space 23040K, 18% used [0x00000000fd180000,0x00000000fd59e330,0x00000000fe800000)
  to   space 23040K, 0% used [0x00000000fe980000,0x00000000fe980000,0x0000000100000000)
 ParOldGen       total 175104K, used 70022K [0x00000000f0000000, 0x00000000fab00000, 0x00000000fab00000)
  object space 175104K, 39% used [0x00000000f0000000,0x00000000f44618e0,0x00000000fab00000)
 Metaspace       used 81760K, capacity 85140K, committed 85208K, reserved 1122304K
  class space    used 10694K, capacity 11464K, committed 11520K, reserved 1048576K
}

